{
  url: '/api/blogs', method: 'GET', status: 200, time: 76.935 ms,
  body: {}, params: {},
  timestamp: Tue, 12 May 2020 20:06:45 GMT
}
{
  url: '/api/blogs', method: 'POST', status: 200, time: 87.386 ms,
  body: {"title":"test","author":"test","url":"http://blog.test.com/","likes":1}, params: {},
  timestamp: Tue, 12 May 2020 20:06:45 GMT
}
{
  url: '/api/blogs', method: 'GET', status: 200, time: 80.822 ms,
  body: {}, params: {},
  timestamp: Tue, 12 May 2020 20:34:48 GMT
}
{
  url: '/api/blogs', method: 'POST', status: 200, time: 82.269 ms,
  body: {"title":"test","author":"test","url":"http://blog.test.com/","likes":1}, params: {},
  timestamp: Tue, 12 May 2020 20:34:48 GMT
}
